Script started on 2019-09-19 16:41:32-04:00 [TERM="xterm-256color" TTY="/dev/pts/0" COLUMNS="97" LINES="21"]
pparmar2@g7-10:/import/linux/home1/pparmar2/git-repos/i220b/work/lab5/files/ex1$ gedit pointers.c 
pparmar2@g7-10:/import/linux/home1/pparmar2/git-repos/i220b/work/lab5/files/ex1$ make
cc -g -Wall -std=c11 -m32    pointers.c   -o pointers
pparmar2@g7-10:/import/linux/home1/pparmar2/git-repos/i220b/work/lab5/files/ex1$ ./pointers 
char pointer cp = 0xffcab7db, pointing at char a
char pointer cp = 0xffcab7dc, pointing at char b
char pointer cp = 0xffcab7dd, pointing at char c
char pointer cp = 0xffcab7de, pointing at char d
char pointer cp = 0xffcab7df, pointing at char e
int pointer ip = 0xffcab7c4, pointing at int 1
int pointer ip = 0xffcab7c8, pointing at int 2
int pointer ip = 0xffcab7cc, pointing at int 3
int pointer ip = 0xffcab7d0, pointing at int 4
int pointer ip = 0xffcab7d4, pointing at int 5
pparmar2@g7-10:/import/linux/home1/pparmar2/git-repos/i220b/work/lab5/files/ex1$ ./pointers 
char pointer cp = 0xff96e15b, pointing at char a
char pointer cp = 0xff96e15c, pointing at char b
char pointer cp = 0xff96e15d, pointing at char c
char pointer cp = 0xff96e15e, pointing at char d
char pointer cp = 0xff96e15f, pointing at char e
int pointer ip = 0xff96e144, pointing at int 1
int pointer ip = 0xff96e148, pointing at int 2
int pointer ip = 0xff96e14c, pointing at int 3
int pointer ip = 0xff96e150, pointing at int 4
int pointer ip = 0xff96e154, pointing at int 5
pparmar2@g7-10:/import/linux/home1/pparmar2/git-repos/i220b/work/lab5/files/ex1$ ./pointers 
char pointer cp = 0xfff30c5b, pointing at char a
char pointer cp = 0xfff30c5c, pointing at char b
char pointer cp = 0xfff30c5d, pointing at char c
char pointer cp = 0xfff30c5e, pointing at char d
char pointer cp = 0xfff30c5f, pointing at char e
int pointer ip = 0xfff30c44, pointing at int 1
int pointer ip = 0xfff30c48, pointing at int 2
int pointer ip = 0xfff30c4c, pointing at int 3
int pointer ip = 0xfff30c50, pointing at int 4
int pointer ip = 0xfff30c54, pointing at int 5
pparmar2@g7-10:/import/linux/home1/pparmar2/git-repos/i220b/work/lab5/files/ex1$ exit

Script done on 2019-09-19 16:42:40-04:00 [COMMAND_EXIT_CODE="0"]
